{
  "RSpec": {
    "coverage": {
      "/Users/cilim/Code/Projects/oscars/app/helpers/application_helper.rb": {
        "lines": [
          1,
          null
        ]
      },
      "/Users/cilim/Code/Projects/oscars/app/models/category.rb": {
        "lines": [
          1,
          1,
          1,
          null,
          1,
          null
        ]
      },
      "/Users/cilim/Code/Projects/oscars/app/models/application_record.rb": {
        "lines": [
          1,
          1,
          null
        ]
      },
      "/Users/cilim/Code/Projects/oscars/app/models/nominee.rb": {
        "lines": [
          1,
          1,
          null,
          1,
          null,
          1,
          102,
          null,
          null
        ]
      },
      "/Users/cilim/Code/Projects/oscars/app/models/pick.rb": {
        "lines": [
          1,
          1,
          1,
          1,
          1,
          null,
          1,
          null,
          1,
          7,
          5,
          null,
          null,
          1,
          7,
          5,
          null,
          null,
          1,
          4,
          null,
          null
        ]
      },
      "/Users/cilim/Code/Projects/oscars/app/models/season.rb": {
        "lines": [
          1,
          66,
          1,
          1,
          1,
          null,
          1,
          1,
          null,
          4,
          null
        ]
      },
      "/Users/cilim/Code/Projects/oscars/app/models/user.rb": {
        "lines": [
          1,
          1,
          1,
          1,
          1,
          null,
          1,
          1,
          null,
          339,
          null,
          1,
          null,
          1,
          85,
          null,
          null
        ]
      },
      "/Users/cilim/Code/Projects/oscars/app/models/winner.rb": {
        "lines": [
          1,
          1,
          1,
          null,
          1,
          null,
          1,
          null,
          1,
          null,
          1,
          18,
          18,
          18,
          null,
          null,
          18,
          null,
          null,
          null,
          null,
          null,
          null,
          null,
          18,
          null,
          null,
          null,
          null,
          null,
          null,
          null
        ]
      },
      "/Users/cilim/Code/Projects/oscars/app/services/oscars_scraper.rb": {
        "lines": [
          1,
          1,
          1,
          1,
          null,
          null,
          null,
          1,
          null,
          null,
          null,
          null,
          null,
          null,
          null,
          null,
          null,
          null,
          null,
          null,
          null,
          null,
          null,
          null,
          null,
          null,
          null,
          null,
          null,
          null,
          null,
          null,
          null,
          1,
          null,
          1,
          null,
          1,
          44,
          44,
          null,
          null,
          1,
          22,
          22,
          22,
          null,
          20,
          2,
          2,
          null,
          null,
          18,
          18,
          null,
          18,
          2,
          2,
          null,
          null,
          16,
          null,
          null,
          16,
          null,
          null,
          null,
          2,
          2,
          null,
          null,
          1,
          null,
          null,
          null,
          1,
          22,
          0,
          null,
          null,
          null,
          1,
          34,
          3,
          null,
          31,
          2,
          2,
          2,
          25,
          null,
          null,
          34,
          null,
          null,
          null,
          null,
          null,
          null,
          null,
          null,
          null,
          null,
          null,
          null,
          null,
          null,
          null,
          null,
          null,
          1,
          18,
          null,
          18,
          18,
          null,
          16,
          38,
          38,
          null,
          38,
          38,
          null,
          38,
          null,
          38,
          38,
          null,
          38,
          79,
          79,
          null,
          79,
          79,
          79,
          79,
          null,
          null,
          38,
          38,
          null,
          null,
          49,
          null,
          null,
          null,
          null,
          null,
          null,
          null,
          1,
          null,
          null,
          57,
          57,
          null,
          57,
          4,
          null,
          53,
          53,
          null,
          53,
          53,
          null,
          31,
          null,
          null,
          22,
          null,
          null,
          null,
          null,
          1,
          138,
          null,
          null,
          1,
          428,
          null,
          null,
          null,
          null,
          1,
          62,
          null,
          null,
          1,
          20,
          20,
          46,
          91,
          91,
          37,
          null,
          54,
          54,
          54,
          54,
          null,
          null,
          null,
          null,
          null,
          1,
          46,
          46,
          46,
          46,
          null,
          46,
          46,
          null,
          46,
          0,
          0,
          null,
          46,
          46,
          null,
          null,
          null,
          null,
          1,
          428,
          0,
          null,
          null,
          1,
          197,
          null,
          null
        ]
      },
      "/Users/cilim/Code/Projects/oscars/app/services/scoreboard_calculator.rb": {
        "lines": [
          1,
          1,
          23,
          null,
          null,
          1,
          23,
          null,
          null,
          null,
          null,
          23,
          null,
          18,
          18,
          null,
          null,
          1,
          null,
          1,
          18,
          18,
          null,
          18,
          36,
          36,
          null,
          30,
          30,
          null,
          null,
          null,
          18,
          null,
          null,
          null,
          null,
          null,
          null,
          null
        ]
      },
      "/Users/cilim/Code/Projects/oscars/app/services/season_importer.rb": {
        "lines": [
          1,
          1,
          null,
          1,
          30,
          30,
          null,
          null,
          1,
          30,
          30,
          null,
          30,
          30,
          30,
          30,
          null,
          27,
          45,
          null,
          44,
          36,
          null,
          null,
          44,
          44,
          44,
          null,
          44,
          82,
          null,
          81,
          null,
          null,
          null,
          null,
          81,
          81,
          null,
          null,
          null,
          27,
          null,
          null,
          3,
          3,
          null,
          null
        ]
      },
      "/Users/cilim/Code/Projects/oscars/app/models/season_category.rb": {
        "lines": [
          1,
          1,
          1,
          1,
          1,
          1,
          null,
          1,
          null,
          1,
          1,
          null
        ]
      },
      "/Users/cilim/Code/Projects/oscars/app/models/player.rb": {
        "lines": [
          1,
          1,
          1,
          1,
          null,
          1,
          null,
          1,
          null
        ]
      },
      "/Users/cilim/Code/Projects/oscars/app/controllers/application_controller.rb": {
        "lines": [
          1,
          1,
          null,
          1,
          null,
          null,
          1,
          null
        ]
      },
      "/Users/cilim/Code/Projects/oscars/app/controllers/concerns/authentication.rb": {
        "lines": [
          1,
          1,
          null,
          1,
          1,
          1,
          null,
          null,
          1,
          1,
          2,
          null,
          null,
          null,
          1,
          1,
          14,
          null,
          null,
          1,
          85,
          null,
          null,
          1,
          99,
          null,
          null,
          1,
          89,
          null,
          null,
          1,
          0,
          0,
          null,
          null,
          1,
          86,
          null,
          null,
          1,
          87,
          87,
          87,
          null,
          null,
          null,
          1,
          0,
          0,
          null,
          null
        ]
      },
      "/Users/cilim/Code/Projects/oscars/app/models/session.rb": {
        "lines": [
          1,
          1,
          null
        ]
      },
      "/Users/cilim/Code/Projects/oscars/app/controllers/sessions_controller.rb": {
        "lines": [
          1,
          1,
          1,
          null,
          1,
          null,
          null,
          1,
          86,
          86,
          86,
          null,
          0,
          null,
          null,
          null,
          1,
          0,
          0,
          null,
          null
        ]
      },
      "/Users/cilim/Code/Projects/oscars/app/models/current.rb": {
        "lines": [
          1,
          1,
          1,
          null
        ]
      },
      "/Users/cilim/Code/Projects/oscars/app/controllers/admin/categories_controller.rb": {
        "lines": [
          1,
          1,
          1,
          null,
          1,
          1,
          null,
          null,
          1,
          1,
          null,
          null,
          1,
          2,
          2,
          1,
          null,
          1,
          null,
          null,
          null,
          1,
          null,
          null,
          1,
          2,
          1,
          null,
          1,
          null,
          null,
          null,
          1,
          1,
          1,
          null,
          null,
          1,
          null,
          1,
          4,
          null,
          null,
          1,
          4,
          null,
          null,
          null
        ]
      },
      "/Users/cilim/Code/Projects/oscars/app/controllers/admin/base_controller.rb": {
        "lines": [
          1,
          1,
          1,
          null,
          1,
          null,
          1,
          null,
          1,
          76,
          7,
          null,
          null,
          null,
          null
        ]
      },
      "/Users/cilim/Code/Projects/oscars/app/controllers/admin/imports_controller.rb": {
        "lines": [
          1,
          1,
          1,
          3,
          3,
          null,
          3,
          1,
          1,
          null,
          null,
          2,
          2,
          2,
          null,
          2,
          1,
          null,
          null,
          1,
          null,
          null,
          null,
          null
        ]
      },
      "/Users/cilim/Code/Projects/oscars/app/controllers/admin/nominees_controller.rb": {
        "lines": [
          1,
          1,
          1,
          1,
          1,
          null,
          1,
          1,
          null,
          null,
          1,
          2,
          2,
          1,
          null,
          1,
          null,
          null,
          null,
          1,
          null,
          null,
          1,
          2,
          1,
          null,
          1,
          null,
          null,
          null,
          1,
          1,
          1,
          null,
          null,
          1,
          null,
          1,
          7,
          null,
          null,
          1,
          7,
          null,
          null,
          1,
          4,
          null,
          null,
          1,
          4,
          null,
          null,
          null
        ]
      },
      "/Users/cilim/Code/Projects/oscars/app/controllers/admin/players_controller.rb": {
        "lines": [
          1,
          1,
          1,
          null,
          1,
          2,
          2,
          1,
          null,
          1,
          null,
          null,
          null,
          1,
          1,
          1,
          1,
          null,
          null,
          1,
          null,
          1,
          3,
          null,
          null,
          1,
          2,
          null,
          null,
          null
        ]
      },
      "/Users/cilim/Code/Projects/oscars/app/controllers/admin/scrapes_controller.rb": {
        "lines": [
          1,
          1,
          1,
          null,
          null,
          1,
          4,
          null,
          4,
          2,
          2,
          2,
          null,
          null,
          2,
          2,
          null,
          2,
          1,
          null,
          1,
          1,
          null,
          null,
          null,
          1,
          4,
          4,
          4,
          null,
          4,
          3,
          null,
          null,
          1,
          1,
          1,
          null,
          null,
          null,
          1,
          null,
          1,
          4,
          4,
          4,
          null,
          4,
          null,
          null,
          null,
          4,
          null,
          null,
          4,
          null,
          null,
          null,
          4,
          null,
          null,
          4,
          null,
          null,
          null,
          null,
          null
        ]
      },
      "/Users/cilim/Code/Projects/oscars/app/controllers/admin/season_categories_controller.rb": {
        "lines": [
          1,
          1,
          1,
          null,
          1,
          3,
          3,
          3,
          2,
          null,
          1,
          null,
          null,
          null,
          1,
          1,
          1,
          1,
          null,
          null,
          1,
          null,
          1,
          4,
          null,
          null,
          1,
          3,
          null,
          null,
          null
        ]
      },
      "/Users/cilim/Code/Projects/oscars/app/controllers/admin/seasons_controller.rb": {
        "lines": [
          1,
          1,
          1,
          null,
          1,
          1,
          null,
          null,
          1,
          0,
          0,
          0,
          0,
          null,
          null,
          1,
          0,
          null,
          null,
          1,
          1,
          1,
          1,
          null,
          0,
          null,
          null,
          null,
          1,
          null,
          null,
          1,
          1,
          1,
          null,
          0,
          null,
          null,
          null,
          1,
          1,
          1,
          null,
          null,
          1,
          null,
          1,
          2,
          null,
          null,
          1,
          2,
          null,
          null,
          null
        ]
      },
      "/Users/cilim/Code/Projects/oscars/app/controllers/admin/tmdb_search_controller.rb": {
        "lines": [
          1,
          1,
          1,
          null,
          1,
          1,
          1,
          17,
          null,
          17,
          3,
          null,
          null,
          14,
          14,
          2,
          null,
          null,
          12,
          12,
          12,
          12,
          null,
          22,
          null,
          10,
          1,
          null,
          null,
          9,
          null,
          9,
          null,
          17,
          null,
          17,
          17,
          null,
          null,
          null,
          2,
          null,
          null,
          null
        ]
      },
      "/Users/cilim/Code/Projects/oscars/app/controllers/admin/users_controller.rb": {
        "lines": [
          1,
          1,
          1,
          null,
          1,
          1,
          null,
          null,
          1,
          1,
          null,
          null,
          1,
          2,
          2,
          1,
          null,
          1,
          null,
          null,
          null,
          1,
          null,
          1,
          15,
          3,
          2,
          null,
          1,
          null,
          null,
          null,
          1,
          2,
          1,
          null,
          1,
          1,
          null,
          null,
          null,
          1,
          null,
          1,
          6,
          null,
          null,
          1,
          5,
          null,
          null,
          null
        ]
      },
      "/Users/cilim/Code/Projects/oscars/app/controllers/admin/winners_controller.rb": {
        "lines": [
          1,
          1,
          1,
          null,
          1,
          3,
          3,
          2,
          3,
          2,
          1,
          1,
          1,
          null,
          null,
          null,
          1,
          2,
          1,
          null,
          null,
          null,
          null,
          1,
          1,
          1,
          1,
          null,
          null,
          1,
          null,
          1,
          4,
          null,
          null,
          1,
          3,
          null,
          null,
          null
        ]
      },
      "/Users/cilim/Code/Projects/oscars/app/controllers/picks_controller.rb": {
        "lines": [
          1,
          1,
          1,
          1,
          null,
          1,
          1,
          1,
          null,
          null,
          1,
          1,
          1,
          1,
          1,
          null,
          null,
          1,
          2,
          1,
          null,
          null,
          0,
          0,
          0,
          0,
          0,
          0,
          null,
          0,
          null,
          null,
          null,
          1,
          null,
          1,
          5,
          null,
          null,
          1,
          5,
          null,
          1,
          null,
          null,
          1,
          4,
          null,
          null,
          1,
          1,
          null,
          null
        ]
      },
      "/Users/cilim/Code/Projects/oscars/app/controllers/registrations_controller.rb": {
        "lines": [
          1,
          1,
          null,
          1,
          1,
          null,
          null,
          1,
          2,
          2,
          1,
          1,
          null,
          1,
          null,
          null,
          null,
          1,
          null,
          1,
          2,
          null,
          null
        ]
      },
      "/Users/cilim/Code/Projects/oscars/app/controllers/seasons_controller.rb": {
        "lines": [
          1,
          1,
          2,
          null,
          null,
          1,
          1,
          1,
          1,
          1,
          null,
          null
        ]
      },
      "/Users/cilim/Code/Projects/oscars/app/controllers/scoreboards_controller.rb": {
        "lines": [
          1,
          1,
          1,
          1,
          1,
          1,
          null,
          null
        ]
      },
      "/Users/cilim/Code/Projects/oscars/app/controllers/passwords_controller.rb": {
        "lines": [
          0,
          0,
          0,
          0,
          null,
          0,
          0,
          null,
          0,
          0,
          0,
          0,
          null,
          0,
          0,
          null,
          0,
          0,
          null,
          0,
          0,
          0,
          0,
          0,
          0,
          0,
          0,
          null,
          0,
          0,
          0,
          0,
          0,
          0,
          0
        ],
        "branches": {}
      }
    },
    "timestamp": 1772467311
  }
}
